<?xml version="1.0" encoding="UTF-8"?>
<testsuite xmlns:xsi="http://www.w3.org/2001/XMLSchema-instance" xsi:noNamespaceSchemaLocation="https://maven.apache.org/surefire/maven-surefire-plugin/xsd/surefire-test-report.xsd" name="si.unilj.fri.vss.aps2.seminar1.PuzzlePieceTest" time="0.006" tests="35" errors="0" skipped="0" failures="0">
  <properties>
    <property name="sun.desktop" value="windows"/>
    <property name="awt.toolkit" value="sun.awt.windows.WToolkit"/>
    <property name="java.specification.version" value="11"/>
    <property name="sun.cpu.isalist" value="amd64"/>
    <property name="sun.jnu.encoding" value="Cp1252"/>
    <property name="java.class.path" value="D:\Drive\2.Letnik\4.semester\Aps2\Seminarji\seminar1\seminar1\seminar1\target\test-classes;D:\Drive\2.Letnik\4.semester\Aps2\Seminarji\seminar1\seminar1\seminar1\target\classes;C:\Users\Seba\.m2\repository\junit\junit\4.11\junit-4.11.jar;C:\Users\Seba\.m2\repository\org\hamcrest\hamcrest-core\1.3\hamcrest-core-1.3.jar;"/>
    <property name="java.vm.vendor" value="Oracle Corporation"/>
    <property name="sun.arch.data.model" value="64"/>
    <property name="user.variant" value=""/>
    <property name="java.vendor.url" value="http://java.oracle.com/"/>
    <property name="user.timezone" value="Europe/Prague"/>
    <property name="user.country.format" value="SI"/>
    <property name="java.vm.specification.version" value="11"/>
    <property name="os.name" value="Windows 10"/>
    <property name="sun.java.launcher" value="SUN_STANDARD"/>
    <property name="user.country" value="US"/>
    <property name="sun.boot.library.path" value="C:\Program Files\Java\jdk-11.0.6\bin"/>
    <property name="sun.java.command" value="C:\Users\Seba\AppData\Local\Temp\surefire13889566406784759949\surefirebooter14483448000197380374.jar C:\Users\Seba\AppData\Local\Temp\surefire13889566406784759949 2020-04-18T16-25-56_095-jvmRun1 surefire17635725482062193109tmp surefire_03982155971021763460tmp"/>
    <property name="jdk.debug" value="release"/>
    <property name="surefire.test.class.path" value="D:\Drive\2.Letnik\4.semester\Aps2\Seminarji\seminar1\seminar1\seminar1\target\test-classes;D:\Drive\2.Letnik\4.semester\Aps2\Seminarji\seminar1\seminar1\seminar1\target\classes;C:\Users\Seba\.m2\repository\junit\junit\4.11\junit-4.11.jar;C:\Users\Seba\.m2\repository\org\hamcrest\hamcrest-core\1.3\hamcrest-core-1.3.jar;"/>
    <property name="sun.cpu.endian" value="little"/>
    <property name="user.home" value="C:\Users\Seba"/>
    <property name="user.language" value="en"/>
    <property name="java.specification.vendor" value="Oracle Corporation"/>
    <property name="java.version.date" value="2020-01-14"/>
    <property name="java.home" value="C:\Program Files\Java\jdk-11.0.6"/>
    <property name="file.separator" value="\"/>
    <property name="basedir" value="D:\Drive\2.Letnik\4.semester\Aps2\Seminarji\seminar1\seminar1\seminar1"/>
    <property name="java.vm.compressedOopsMode" value="32-bit"/>
    <property name="line.separator" value="&#10;"/>
    <property name="java.specification.name" value="Java Platform API Specification"/>
    <property name="java.vm.specification.vendor" value="Oracle Corporation"/>
    <property name="java.awt.graphicsenv" value="sun.awt.Win32GraphicsEnvironment"/>
    <property name="surefire.real.class.path" value="C:\Users\Seba\AppData\Local\Temp\surefire13889566406784759949\surefirebooter14483448000197380374.jar"/>
    <property name="user.script" value=""/>
    <property name="sun.management.compiler" value="HotSpot 64-Bit Tiered Compilers"/>
    <property name="java.runtime.version" value="11.0.6+8-LTS"/>
    <property name="user.name" value="Seba"/>
    <property name="path.separator" value=";"/>
    <property name="os.version" value="10.0"/>
    <property name="java.runtime.name" value="Java(TM) SE Runtime Environment"/>
    <property name="file.encoding" value="Cp1252"/>
    <property name="java.vm.name" value="Java HotSpot(TM) 64-Bit Server VM"/>
    <property name="idea.version2020.1" value="true"/>
    <property name="java.vendor.version" value="18.9"/>
    <property name="localRepository" value="C:\Users\Seba\.m2\repository"/>
    <property name="java.vendor.url.bug" value="http://bugreport.java.com/bugreport/"/>
    <property name="java.io.tmpdir" value="C:\Users\Seba\AppData\Local\Temp\"/>
    <property name="java.version" value="11.0.6"/>
    <property name="user.dir" value="D:\Drive\2.Letnik\4.semester\Aps2\Seminarji\seminar1\seminar1\seminar1"/>
    <property name="os.arch" value="amd64"/>
    <property name="java.vm.specification.name" value="Java Virtual Machine Specification"/>
    <property name="java.awt.printerjob" value="sun.awt.windows.WPrinterJob"/>
    <property name="user.language.format" value="sl"/>
    <property name="sun.os.patch.level" value=""/>
    <property name="java.library.path" value="C:\Program Files\Java\jdk-11.0.6\bin;C:\Windows\Sun\Java\bin;C:\Windows\system32;C:\Windows;C:\Program Files (x86)\Common Files\Oracle\Java\javapath;C:\Windows;C:\Windows\System32\Wbem;C:\Windows\System32\WindowsPowerShell\v1.0\;C:\Windows\System32\OpenSSH\;C:\Program Files (x86)\NVIDIA Corporation\PhysX\Common;C:\Program Files\Git\cmd;C:\Program Files\Java\jdk-13.0.2\bin;;C:\Program Files\NVIDIA Corporation\NVIDIA NvDLISR;C:\Users\Seba\AppData\Local\Microsoft\WindowsApps;C:\Users\Seba\AppData\Local\Programs\Microsoft VS Code\bin;C:\Users\Seba\AppData\Local\GitHubDesktop\bin;C:\Program Files\apache-maven-3.6.3\bin;;."/>
    <property name="java.vendor" value="Oracle Corporation"/>
    <property name="java.vm.info" value="mixed mode"/>
    <property name="java.vm.version" value="11.0.6+8-LTS"/>
    <property name="sun.io.unicode.encoding" value="UnicodeLittle"/>
    <property name="java.class.version" value="55.0"/>
  </properties>
  <testcase name="testPuzzlePiece2DArrayImpl1" classname="si.unilj.fri.vss.aps2.seminar1.PuzzlePieceTest" time="0"/>
  <testcase name="testPuzzlePiece2DArrayImpl2" classname="si.unilj.fri.vss.aps2.seminar1.PuzzlePieceTest" time="0"/>
  <testcase name="testPuzzlePiece2DArrayImpl3" classname="si.unilj.fri.vss.aps2.seminar1.PuzzlePieceTest" time="0"/>
  <testcase name="testPuzzlePiece2DArrayImpl4" classname="si.unilj.fri.vss.aps2.seminar1.PuzzlePieceTest" time="0"/>
  <testcase name="testPuzzlePiece2DArrayImpl5" classname="si.unilj.fri.vss.aps2.seminar1.PuzzlePieceTest" time="0"/>
  <testcase name="testPuzzlePiece2DArrayImpl6" classname="si.unilj.fri.vss.aps2.seminar1.PuzzlePieceTest" time="0"/>
  <testcase name="testPuzzlePiece2DArrayImpl7" classname="si.unilj.fri.vss.aps2.seminar1.PuzzlePieceTest" time="0"/>
  <testcase name="testPuzzlePiece2DArrayImpl8" classname="si.unilj.fri.vss.aps2.seminar1.PuzzlePieceTest" time="0"/>
  <testcase name="testPuzzlePiece2DArrayImpl9" classname="si.unilj.fri.vss.aps2.seminar1.PuzzlePieceTest" time="0.001"/>
  <testcase name="testPuzzlePiece2DArrayImpl10" classname="si.unilj.fri.vss.aps2.seminar1.PuzzlePieceTest" time="0"/>
  <testcase name="testPuzzlePiece2DArrayImpl11" classname="si.unilj.fri.vss.aps2.seminar1.PuzzlePieceTest" time="0"/>
  <testcase name="testPuzzlePiece2DArrayImpl12" classname="si.unilj.fri.vss.aps2.seminar1.PuzzlePieceTest" time="0"/>
  <testcase name="testPuzzlePiece2DArrayImpl13" classname="si.unilj.fri.vss.aps2.seminar1.PuzzlePieceTest" time="0"/>
  <testcase name="testPuzzlePiece2DArrayImpl14" classname="si.unilj.fri.vss.aps2.seminar1.PuzzlePieceTest" time="0"/>
  <testcase name="testPuzzlePiece2DArrayImpl15" classname="si.unilj.fri.vss.aps2.seminar1.PuzzlePieceTest" time="0"/>
  <testcase name="testPuzzlePiece2DArrayImpl16" classname="si.unilj.fri.vss.aps2.seminar1.PuzzlePieceTest" time="0"/>
  <testcase name="testPuzzlePiece2DArrayImpl17" classname="si.unilj.fri.vss.aps2.seminar1.PuzzlePieceTest" time="0"/>
  <testcase name="testPuzzlePiece1DArrayImpl10" classname="si.unilj.fri.vss.aps2.seminar1.PuzzlePieceTest" time="0"/>
  <testcase name="testPuzzlePiece1DArrayImpl11" classname="si.unilj.fri.vss.aps2.seminar1.PuzzlePieceTest" time="0"/>
  <testcase name="testPuzzlePiece1DArrayImpl12" classname="si.unilj.fri.vss.aps2.seminar1.PuzzlePieceTest" time="0"/>
  <testcase name="testPuzzlePiece1DArrayImpl13" classname="si.unilj.fri.vss.aps2.seminar1.PuzzlePieceTest" time="0"/>
  <testcase name="testPuzzlePiece1DArrayImpl14" classname="si.unilj.fri.vss.aps2.seminar1.PuzzlePieceTest" time="0"/>
  <testcase name="testPuzzlePiece1DArrayImpl15" classname="si.unilj.fri.vss.aps2.seminar1.PuzzlePieceTest" time="0"/>
  <testcase name="testPuzzlePiece1DArrayImpl16" classname="si.unilj.fri.vss.aps2.seminar1.PuzzlePieceTest" time="0"/>
  <testcase name="testPuzzlePiece1DArrayImpl17" classname="si.unilj.fri.vss.aps2.seminar1.PuzzlePieceTest" time="0"/>
  <testcase name="testPuzzlePiece1DArrayImpl18" classname="si.unilj.fri.vss.aps2.seminar1.PuzzlePieceTest" time="0"/>
  <testcase name="testPuzzlePiece1DArrayImpl1" classname="si.unilj.fri.vss.aps2.seminar1.PuzzlePieceTest" time="0"/>
  <testcase name="testPuzzlePiece1DArrayImpl2" classname="si.unilj.fri.vss.aps2.seminar1.PuzzlePieceTest" time="0"/>
  <testcase name="testPuzzlePiece1DArrayImpl3" classname="si.unilj.fri.vss.aps2.seminar1.PuzzlePieceTest" time="0"/>
  <testcase name="testPuzzlePiece1DArrayImpl4" classname="si.unilj.fri.vss.aps2.seminar1.PuzzlePieceTest" time="0"/>
  <testcase name="testPuzzlePiece1DArrayImpl5" classname="si.unilj.fri.vss.aps2.seminar1.PuzzlePieceTest" time="0"/>
  <testcase name="testPuzzlePiece1DArrayImpl6" classname="si.unilj.fri.vss.aps2.seminar1.PuzzlePieceTest" time="0"/>
  <testcase name="testPuzzlePiece1DArrayImpl7" classname="si.unilj.fri.vss.aps2.seminar1.PuzzlePieceTest" time="0"/>
  <testcase name="testPuzzlePiece1DArrayImpl8" classname="si.unilj.fri.vss.aps2.seminar1.PuzzlePieceTest" time="0"/>
  <testcase name="testPuzzlePiece1DArrayImpl9" classname="si.unilj.fri.vss.aps2.seminar1.PuzzlePieceTest" time="0"/>
</testsuite>